Program internal form:
token: "begin" @ slot: -1 index: -1
token: "{" @ slot: -1 index: -1
token: "double" @ slot: -1 index: -1
token: "id" @ slot: 2 index: 0
token: "," @ slot: -1 index: -1
token: "id" @ slot: 3 index: 0
token: "," @ slot: -1 index: -1
token: "id" @ slot: 4 index: 0
token: ";" @ slot: -1 index: -1
token: "id" @ slot: 4 index: 0
token: "=" @ slot: -1 index: -1
token: "const" @ slot: 11 index: 0
token: ";" @ slot: -1 index: -1
token: "read" @ slot: -1 index: -1
token: "(" @ slot: -1 index: -1
token: "id" @ slot: 2 index: 0
token: ")" @ slot: -1 index: -1
token: ";" @ slot: -1 index: -1
token: "read" @ slot: -1 index: -1
token: "(" @ slot: -1 index: -1
token: "id" @ slot: 3 index: 0
token: ")" @ slot: -1 index: -1
token: ";" @ slot: -1 index: -1
token: "while" @ slot: -1 index: -1
token: "(" @ slot: -1 index: -1
token: "id" @ slot: 4 index: 0
token: "!=" @ slot: -1 index: -1
token: "const" @ slot: 10 index: 0
token: ")" @ slot: -1 index: -1
token: "{" @ slot: -1 index: -1
token: "id" @ slot: 4 index: 0
token: "=" @ slot: -1 index: -1
token: "id" @ slot: 3 index: 0
token: ";" @ slot: -1 index: -1
token: "id" @ slot: 3 index: 0
token: "=" @ slot: -1 index: -1
token: "id" @ slot: 2 index: 0
token: "%" @ slot: -1 index: -1
token: "id" @ slot: 3 index: 0
token: ";" @ slot: -1 index: -1
token: "id" @ slot: 2 index: 0
token: "=" @ slot: -1 index: -1
token: "const" @ slot: 17 index: 0
token: ";" @ slot: -1 index: -1
token: "}" @ slot: -1 index: -1
token: "print" @ slot: -1 index: -1
token: "(" @ slot: -1 index: -1
token: "const" @ slot: 18 index: 0
token: "+" @ slot: -1 index: -1
token: "id" @ slot: 2 index: 0
token: ")" @ slot: -1 index: -1
token: ";" @ slot: -1 index: -1
token: "}" @ slot: -1 index: -1
